<?xml version="1.0" encoding="UTF-8"?>
<testng-results ignored="0" total="1" passed="1" failed="0" skipped="0">
  <reporter-output>
  </reporter-output>
  <suite started-at="2018-08-25T08:46:53Z" name="Default suite" finished-at="2018-08-25T08:48:04Z" duration-ms="70742">
    <groups>
    </groups>
    <test started-at="2018-08-25T08:46:53Z" name="Default test" finished-at="2018-08-25T08:48:04Z" duration-ms="70742">
      <class name="com.TestSelenium.TestCases.OpenTicketWebElement">
        <test-method is-config="true" signature="getDriver()[pri:0, instance:com.TestSelenium.TestCases.OpenTicketWebElement@78123e82]" started-at="2018-08-25T14:16:53Z" name="getDriver" finished-at="2018-08-25T14:17:06Z" duration-ms="13072" status="PASS">
          <reporter-output>
          </reporter-output>
        </test-method> <!-- getDriver -->
        <test-method signature="getPage()[pri:0, instance:com.TestSelenium.TestCases.OpenTicketWebElement@78123e82]" started-at="2018-08-25T14:17:06Z" name="getPage" finished-at="2018-08-25T14:18:04Z" duration-ms="57649" status="PASS">
          <reporter-output>
          </reporter-output>
        </test-method> <!-- getPage -->
      </class> <!-- com.TestSelenium.TestCases.OpenTicketWebElement -->
    </test> <!-- Default test -->
  </suite> <!-- Default suite -->
</testng-results>
