<?xml version="1.0" encoding="UTF-8"?>
<testng-results ignored="0" total="1" passed="1" failed="0" skipped="0">
  <reporter-output>
  </reporter-output>
  <suite started-at="2018-07-31T16:25:13Z" name="Default suite" finished-at="2018-07-31T16:25:33Z" duration-ms="20627">
    <groups>
    </groups>
    <test started-at="2018-07-31T16:25:13Z" name="Default test" finished-at="2018-07-31T16:25:33Z" duration-ms="20627">
      <class name="com.demo.seleniumTest.CheckDriver">
        <test-method signature="setderf()[pri:0, instance:com.demo.seleniumTest.CheckDriver@75db5df9]" started-at="2018-07-31T21:55:13Z" name="setderf" finished-at="2018-07-31T21:55:33Z" duration-ms="20602" status="PASS">
          <reporter-output>
          </reporter-output>
        </test-method> <!-- setderf -->
      </class> <!-- com.demo.seleniumTest.CheckDriver -->
    </test> <!-- Default test -->
  </suite> <!-- Default suite -->
</testng-results>
